Determining if the pthread_create exist failed with the following output:
Change Dir: /home/nhatminh2947/working/semester/ML/Homework/cmake-build-debug/CMakeFiles/CMakeTmp

Run Build Command(s):/usr/bin/make cmTC_b246d/fast 
/usr/bin/make -f CMakeFiles/cmTC_b246d.dir/build.make CMakeFiles/cmTC_b246d.dir/build
make[1]: Entering directory '/home/nhatminh2947/working/semester/ML/Homework/cmake-build-debug/CMakeFiles/CMakeTmp'
Building C object CMakeFiles/cmTC_b246d.dir/CheckSymbolExists.c.o
/usr/bin/cc    -o CMakeFiles/cmTC_b246d.dir/CheckSymbolExists.c.o   -c /home/nhatminh2947/working/semester/ML/Homework/cmake-build-debug/CMakeFiles/CMakeTmp/CheckSymbolExists.c
Linking C executable cmTC_b246d
/home/nhatminh2947/working/tools/clion-2019.1.3/bin/cmake/linux/bin/cmake -E cmake_link_script CMakeFiles/cmTC_b246d.dir/link.txt --verbose=1
/usr/bin/cc      -rdynamic CMakeFiles/cmTC_b246d.dir/CheckSymbolExists.c.o  -o cmTC_b246d 
CMakeFiles/cmTC_b246d.dir/CheckSymbolExists.c.o: In function `main':
CheckSymbolExists.c:(.text+0x1b): undefined reference to `pthread_create'
collect2: error: ld returned 1 exit status
CMakeFiles/cmTC_b246d.dir/build.make:86: recipe for target 'cmTC_b246d' failed
make[1]: *** [cmTC_b246d] Error 1
make[1]: Leaving directory '/home/nhatminh2947/working/semester/ML/Homework/cmake-build-debug/CMakeFiles/CMakeTmp'
Makefile:121: recipe for target 'cmTC_b246d/fast' failed
make: *** [cmTC_b246d/fast] Error 2

File /home/nhatminh2947/working/semester/ML/Homework/cmake-build-debug/CMakeFiles/CMakeTmp/CheckSymbolExists.c:
/* */
#include <pthread.h>

int main(int argc, char** argv)
{
  (void)argv;
#ifndef pthread_create
  return ((int*)(&pthread_create))[argc];
#else
  (void)argc;
  return 0;
#endif
}

Determining if the function pthread_create exists in the pthreads failed with the following output:
Change Dir: /home/nhatminh2947/working/semester/ML/Homework/cmake-build-debug/CMakeFiles/CMakeTmp

Run Build Command(s):/usr/bin/make cmTC_d3e13/fast 
/usr/bin/make -f CMakeFiles/cmTC_d3e13.dir/build.make CMakeFiles/cmTC_d3e13.dir/build
make[1]: Entering directory '/home/nhatminh2947/working/semester/ML/Homework/cmake-build-debug/CMakeFiles/CMakeTmp'
Building C object CMakeFiles/cmTC_d3e13.dir/CheckFunctionExists.c.o
/usr/bin/cc   -DCHECK_FUNCTION_EXISTS=pthread_create   -o CMakeFiles/cmTC_d3e13.dir/CheckFunctionExists.c.o   -c /home/nhatminh2947/working/tools/clion-2019.1.3/bin/cmake/linux/share/cmake-3.14/Modules/CheckFunctionExists.c
Linking C executable cmTC_d3e13
/home/nhatminh2947/working/tools/clion-2019.1.3/bin/cmake/linux/bin/cmake -E cmake_link_script CMakeFiles/cmTC_d3e13.dir/link.txt --verbose=1
/usr/bin/cc  -DCHECK_FUNCTION_EXISTS=pthread_create    -rdynamic CMakeFiles/cmTC_d3e13.dir/CheckFunctionExists.c.o  -o cmTC_d3e13 -lpthreads 
/usr/bin/ld: cannot find -lpthreads
collect2: error: ld returned 1 exit status
CMakeFiles/cmTC_d3e13.dir/build.make:86: recipe for target 'cmTC_d3e13' failed
make[1]: *** [cmTC_d3e13] Error 1
make[1]: Leaving directory '/home/nhatminh2947/working/semester/ML/Homework/cmake-build-debug/CMakeFiles/CMakeTmp'
Makefile:121: recipe for target 'cmTC_d3e13/fast' failed
make: *** [cmTC_d3e13/fast] Error 2


Performing C SOURCE FILE Test CMAKE_HAVE_LIBC_PTHREAD failed with the following output:
Change Dir: /home/nhatminh2947/working/semester/ML/Homework/cmake-build-debug/CMakeFiles/CMakeTmp

Run Build Command(s):/usr/bin/make cmTC_7958b/fast && /usr/bin/make -f CMakeFiles/cmTC_7958b.dir/build.make CMakeFiles/cmTC_7958b.dir/build
make[1]: Entering directory '/home/nhatminh2947/working/semester/ML/Homework/cmake-build-debug/CMakeFiles/CMakeTmp'
Building C object CMakeFiles/cmTC_7958b.dir/src.c.o
/usr/bin/cc   -DCMAKE_HAVE_LIBC_PTHREAD   -o CMakeFiles/cmTC_7958b.dir/src.c.o   -c /home/nhatminh2947/working/semester/ML/Homework/cmake-build-debug/CMakeFiles/CMakeTmp/src.c
Linking C executable cmTC_7958b
/home/nhatminh2947/working/tools/clion-2019.1.3/bin/cmake/linux/bin/cmake -E cmake_link_script CMakeFiles/cmTC_7958b.dir/link.txt --verbose=1
/usr/bin/cc  -DCMAKE_HAVE_LIBC_PTHREAD    -rdynamic CMakeFiles/cmTC_7958b.dir/src.c.o  -o cmTC_7958b 
CMakeFiles/cmTC_7958b.dir/src.c.o: In function `main':
src.c:(.text+0x3e): undefined reference to `pthread_create'
src.c:(.text+0x4a): undefined reference to `pthread_detach'
src.c:(.text+0x5b): undefined reference to `pthread_join'
src.c:(.text+0x6f): undefined reference to `pthread_atfork'
collect2: error: ld returned 1 exit status
CMakeFiles/cmTC_7958b.dir/build.make:86: recipe for target 'cmTC_7958b' failed
make[1]: *** [cmTC_7958b] Error 1
make[1]: Leaving directory '/home/nhatminh2947/working/semester/ML/Homework/cmake-build-debug/CMakeFiles/CMakeTmp'
Makefile:121: recipe for target 'cmTC_7958b/fast' failed
make: *** [cmTC_7958b/fast] Error 2


Source file was:
#include <pthread.h>

void* test_func(void* data)
{
  return data;
}

int main(void)
{
  pthread_t thread;
  pthread_create(&thread, NULL, test_func, NULL);
  pthread_detach(thread);
  pthread_join(thread, NULL);
  pthread_atfork(NULL, NULL, NULL);
  pthread_exit(NULL);

  return 0;
}

