DEBUG:PIL.PngImagePlugin:STREAM b'IHDR' 16 13
DEBUG:PIL.PngImagePlugin:STREAM b'IDAT' 41 8192
INFO:root:(100, 100)
INFO:root:<PIL.PngImagePlugin.PngImageFile image mode=RGB size=100x100 at 0x7F8C80937E50>
INFO:root:(100, 100, 3)
INFO:root:[[[0.88235295 0.91764706 0.8509804 ]
  [0.8392157  0.93333334 0.8980392 ]
  [0.80784315 0.73333335 0.7490196 ]
  ...
  [0.6156863  0.91764706 0.8509804 ]
  [0.3529412  0.6862745  0.5921569 ]
  [0.6627451  0.92156863 0.88235295]]

 [[0.88235295 0.85490197 0.8745098 ]
  [0.827451   0.91764706 0.88235295]
  [0.99607843 1.         0.99215686]
  ...
  [0.54509807 0.83137256 0.7882353 ]
  [0.70980394 0.9372549  0.8901961 ]
  [0.7411765  0.9411765  0.89411765]]

 [[0.5411765  0.6666667  0.6745098 ]
  [0.827451   0.7607843  0.77254903]
  [0.9490196  0.98039216 0.9647059 ]
  ...
  [0.58431375 0.827451   0.7921569 ]
  [0.61960787 0.7921569  0.7607843 ]
  [0.6431373  0.8901961  0.827451  ]]

 ...

 [[0.49803922 0.5803922  0.26666668]
  [0.4117647  0.53333336 0.20392157]
  [0.40392157 0.5137255  0.24313726]
  ...
  [0.01176471 0.72156864 0.83137256]
  [0.         0.72156864 0.83137256]
  [0.00392157 0.70980394 0.8235294 ]]

 [[0.4117647  0.5372549  0.2       ]
  [0.35686275 0.47058824 0.20392157]
  [0.42745098 0.53333336 0.2627451 ]
  ...
  [0.01176471 0.72156864 0.827451  ]
  [0.01176471 0.7137255  0.8235294 ]
  [0.         0.7176471  0.8235294 ]]

 [[0.40784314 0.53333336 0.22745098]
  [0.47058824 0.5803922  0.29411766]
  [0.24705882 0.36862746 0.18039216]
  ...
  [0.01960784 0.7137255  0.8352941 ]
  [0.         0.7058824  0.8117647 ]
  [0.         0.68235296 0.8156863 ]]]
INFO:root:(100, 100, 3)
INFO:root:[[[0.88235295 0.91764706 0.8509804 ]
  [0.8392157  0.93333334 0.8980392 ]
  [0.80784315 0.73333335 0.7490196 ]
  ...
  [0.6156863  0.91764706 0.8509804 ]
  [0.3529412  0.6862745  0.5921569 ]
  [0.6627451  0.92156863 0.88235295]]

 [[0.88235295 0.85490197 0.8745098 ]
  [0.827451   0.91764706 0.88235295]
  [0.99607843 1.         0.99215686]
  ...
  [0.54509807 0.83137256 0.7882353 ]
  [0.70980394 0.9372549  0.8901961 ]
  [0.7411765  0.9411765  0.89411765]]

 [[0.5411765  0.6666667  0.6745098 ]
  [0.827451   0.7607843  0.77254903]
  [0.9490196  0.98039216 0.9647059 ]
  ...
  [0.58431375 0.827451   0.7921569 ]
  [0.61960787 0.7921569  0.7607843 ]
  [0.6431373  0.8901961  0.827451  ]]

 ...

 [[0.49803922 0.5803922  0.26666668]
  [0.4117647  0.53333336 0.20392157]
  [0.40392157 0.5137255  0.24313726]
  ...
  [0.01176471 0.72156864 0.83137256]
  [0.         0.72156864 0.83137256]
  [0.00392157 0.70980394 0.8235294 ]]

 [[0.4117647  0.5372549  0.2       ]
  [0.35686275 0.47058824 0.20392157]
  [0.42745098 0.53333336 0.2627451 ]
  ...
  [0.01176471 0.72156864 0.827451  ]
  [0.01176471 0.7137255  0.8235294 ]
  [0.         0.7176471  0.8235294 ]]

 [[0.40784314 0.53333336 0.22745098]
  [0.47058824 0.5803922  0.29411766]
  [0.24705882 0.36862746 0.18039216]
  ...
  [0.01960784 0.7137255  0.8352941 ]
  [0.         0.7058824  0.8117647 ]
  [0.         0.68235296 0.8156863 ]]]
INFO:root:(100, 100, 3)
INFO:root:[[[0.88235295 0.91764706 0.8509804 ]
  [0.8392157  0.93333334 0.8980392 ]
  [0.80784315 0.73333335 0.7490196 ]
  ...
  [0.6156863  0.91764706 0.8509804 ]
  [0.3529412  0.6862745  0.5921569 ]
  [0.6627451  0.92156863 0.88235295]]

 [[0.88235295 0.85490197 0.8745098 ]
  [0.827451   0.91764706 0.88235295]
  [0.99607843 1.         0.99215686]
  ...
  [0.54509807 0.83137256 0.7882353 ]
  [0.70980394 0.9372549  0.8901961 ]
  [0.7411765  0.9411765  0.89411765]]

 [[0.5411765  0.6666667  0.6745098 ]
  [0.827451   0.7607843  0.77254903]
  [0.9490196  0.98039216 0.9647059 ]
  ...
  [0.58431375 0.827451   0.7921569 ]
  [0.61960787 0.7921569  0.7607843 ]
  [0.6431373  0.8901961  0.827451  ]]

 ...

 [[0.49803922 0.5803922  0.26666668]
  [0.4117647  0.53333336 0.20392157]
  [0.40392157 0.5137255  0.24313726]
  ...
  [0.01176471 0.72156864 0.83137256]
  [0.         0.72156864 0.83137256]
  [0.00392157 0.70980394 0.8235294 ]]

 [[0.4117647  0.5372549  0.2       ]
  [0.35686275 0.47058824 0.20392157]
  [0.42745098 0.53333336 0.2627451 ]
  ...
  [0.01176471 0.72156864 0.827451  ]
  [0.01176471 0.7137255  0.8235294 ]
  [0.         0.7176471  0.8235294 ]]

 [[0.40784314 0.53333336 0.22745098]
  [0.47058824 0.5803922  0.29411766]
  [0.24705882 0.36862746 0.18039216]
  ...
  [0.01960784 0.7137255  0.8352941 ]
  [0.         0.7058824  0.8117647 ]
  [0.         0.68235296 0.8156863 ]]]
